[  1609.028] 
X.Org X Server 1.21.1.7
X Protocol Version 11, Revision 0
[  1609.028] Current Operating System: Linux ogg 6.1.12-gentoo-dist #1 SMP PREEMPT_DYNAMIC Tue Feb 14 20:27:19 -00 2023 x86_64
[  1609.028] Kernel command line: initrd=\initramfs.img rd.vconsole.keymap=uk root=UUID=2b0a67b2-064f-4812-abe9-35a3e792920e
[  1609.028]  
[  1609.028] Current version of pixman: 0.42.2
[  1609.028] 	Before reporting problems, check http://wiki.x.org
	to make sure that you have the latest version.
[  1609.028] Markers: (--) probed, (**) from config file, (==) default setting,
	(++) from command line, (!!) notice, (II) informational,
	(WW) warning, (EE) error, (NI) not implemented, (??) unknown.
[  1609.029] (==) Log file: "/home/nick/.local/share/xorg/Xorg.0.log", Time: Sun Mar  5 12:22:47 2023
[  1609.029] (==) Using config directory: "/etc/X11/xorg.conf.d"
[  1609.029] (==) Using system config directory "/usr/share/X11/xorg.conf.d"
[  1609.029] (==) No Layout section.  Using the first Screen section.
[  1609.029] (==) No screen section available. Using defaults.
[  1609.029] (**) |-->Screen "Default Screen Section" (0)
[  1609.029] (**) |   |-->Monitor "<default monitor>"
[  1609.029] (==) No monitor specified for screen "Default Screen Section".
	Using a default monitor configuration.
[  1609.029] (==) Automatically adding devices
[  1609.029] (==) Automatically enabling devices
[  1609.029] (==) Automatically adding GPU devices
[  1609.029] (==) Automatically binding GPU devices
[  1609.029] (==) Max clients allowed: 256, resource mask: 0x1fffff
[  1609.029] (WW) The directory "/usr/share/fonts/TTF" does not exist.
[  1609.029] 	Entry deleted from font path.
[  1609.029] (WW) The directory "/usr/share/fonts/OTF" does not exist.
[  1609.029] 	Entry deleted from font path.
[  1609.029] (WW) The directory "/usr/share/fonts/Type1" does not exist.
[  1609.029] 	Entry deleted from font path.
[  1609.029] (WW) `fonts.dir' not found (or not valid) in "/usr/share/fonts/100dpi".
[  1609.029] 	Entry deleted from font path.
[  1609.029] 	(Run 'mkfontdir' on "/usr/share/fonts/100dpi").
[  1609.029] (==) FontPath set to:
	/usr/share/fonts/misc,
	/usr/share/fonts/75dpi
[  1609.029] (==) ModulePath set to "/usr/lib64/xorg/modules"
[  1609.029] (II) The server relies on udev to provide the list of input devices.
	If no devices become available, reconfigure udev or disable AutoAddDevices.
[  1609.029] (II) Module ABI versions:
[  1609.029] 	X.Org ANSI C Emulation: 0.4
[  1609.029] 	X.Org Video Driver: 25.2
[  1609.029] 	X.Org XInput driver : 24.4
[  1609.029] 	X.Org Server Extension : 10.0
[  1609.030] (++) using VT number 1

[  1609.031] (II) systemd-logind: took control of session /org/freedesktop/login1/session/_31
[  1609.032] (II) xfree86: Adding drm device (/dev/dri/card1)
[  1609.032] (II) Platform probe for /sys/devices/pci0000:00/0000:00:01.0/0000:01:00.0/drm/card1
[  1609.032] (II) systemd-logind: got fd for /dev/dri/card1 226:1 fd 10 paused 0
[  1609.032] (II) xfree86: Adding drm device (/dev/dri/card0)
[  1609.032] (II) Platform probe for /sys/devices/pci0000:00/0000:00:02.0/drm/card0
[  1609.033] (II) systemd-logind: got fd for /dev/dri/card0 226:0 fd 11 paused 0
[  1609.034] (--) PCI: (0@0:2:0) 8086:0412:1043:8534 rev 6, Mem @ 0xf7400000/4194304, 0xd0000000/268435456, I/O @ 0x0000f000/64
[  1609.034] (--) PCI:*(1@0:0:0) 10de:1187:1462:2848 rev 161, Mem @ 0xf6000000/16777216, 0xe0000000/134217728, 0xe8000000/33554432, I/O @ 0x0000e000/128, BIOS @ 0x????????/131072
[  1609.034] (II) LoadModule: "glx"
[  1609.034] (II) Loading /usr/lib64/xorg/modules/extensions/libglx.so
[  1609.035] (II) Module glx: vendor="X.Org Foundation"
[  1609.035] 	compiled for 1.21.1.7, module version = 1.0.0
[  1609.035] 	ABI class: X.Org Server Extension, version 10.0
[  1609.035] (==) Matched nouveau as autoconfigured driver 0
[  1609.035] (==) Matched nv as autoconfigured driver 1
[  1609.035] (==) Matched intel as autoconfigured driver 2
[  1609.035] (==) Matched modesetting as autoconfigured driver 3
[  1609.035] (==) Matched fbdev as autoconfigured driver 4
[  1609.035] (==) Matched vesa as autoconfigured driver 5
[  1609.035] (==) Assigned the driver to the xf86ConfigLayout
[  1609.035] (II) LoadModule: "nouveau"
[  1609.035] (II) Loading /usr/lib64/xorg/modules/drivers/nouveau_drv.so
[  1609.035] (II) Module nouveau: vendor="X.Org Foundation"
[  1609.035] 	compiled for 1.21.1.7, module version = 1.0.17
[  1609.035] 	Module class: X.Org Video Driver
[  1609.035] 	ABI class: X.Org Video Driver, version 25.2
[  1609.035] (II) LoadModule: "nv"
[  1609.035] (WW) Warning, couldn't open module nv
[  1609.035] (EE) Failed to load module "nv" (module does not exist, 0)
[  1609.035] (II) LoadModule: "intel"
[  1609.035] (WW) Warning, couldn't open module intel
[  1609.035] (EE) Failed to load module "intel" (module does not exist, 0)
[  1609.035] (II) LoadModule: "modesetting"
[  1609.035] (II) Loading /usr/lib64/xorg/modules/drivers/modesetting_drv.so
[  1609.035] (II) Module modesetting: vendor="X.Org Foundation"
[  1609.035] 	compiled for 1.21.1.7, module version = 1.21.1
[  1609.035] 	Module class: X.Org Video Driver
[  1609.035] 	ABI class: X.Org Video Driver, version 25.2
[  1609.035] (II) LoadModule: "fbdev"
[  1609.035] (WW) Warning, couldn't open module fbdev
[  1609.035] (EE) Failed to load module "fbdev" (module does not exist, 0)
[  1609.035] (II) LoadModule: "vesa"
[  1609.035] (II) Loading /usr/lib64/xorg/modules/drivers/vesa_drv.so
[  1609.035] (II) Module vesa: vendor="X.Org Foundation"
[  1609.035] 	compiled for 1.21.1.7, module version = 2.6.0
[  1609.035] 	Module class: X.Org Video Driver
[  1609.035] 	ABI class: X.Org Video Driver, version 25.2
[  1609.035] (II) NOUVEAU driver 
[  1609.035] (II) NOUVEAU driver for NVIDIA chipset families :
[  1609.035] 	RIVA TNT            (NV04)
[  1609.036] 	RIVA TNT2           (NV05)
[  1609.036] 	GeForce 256         (NV10)
[  1609.036] 	GeForce 2           (NV11, NV15)
[  1609.036] 	GeForce 4MX         (NV17, NV18)
[  1609.036] 	GeForce 3           (NV20)
[  1609.036] 	GeForce 4Ti         (NV25, NV28)
[  1609.036] 	GeForce FX          (NV3x)
[  1609.036] 	GeForce 6           (NV4x)
[  1609.036] 	GeForce 7           (G7x)
[  1609.036] 	GeForce 8           (G8x)
[  1609.036] 	GeForce 9           (G9x)
[  1609.036] 	GeForce GTX 2xx/3xx (GT2xx)
[  1609.036] 	GeForce GTX 4xx/5xx (GFxxx)
[  1609.036] 	GeForce GTX 6xx/7xx (GKxxx)
[  1609.036] 	GeForce GTX 9xx     (GMxxx)
[  1609.036] 	GeForce GTX 10xx    (GPxxx)
[  1609.036] (II) modesetting: Driver for Modesetting Kernel Drivers: kms
[  1609.036] (II) VESA: driver for VESA chipsets: vesa
[  1609.036] xf86EnableIO: failed to enable I/O ports 0000-03ff (Operation not permitted)
[  1609.036] (II) [drm] nouveau interface version: 1.3.1
[  1609.036] (WW) Falling back to old probe method for modesetting
[  1609.036] (II) modeset(G0): using drv /dev/dri/card0
[  1609.036] (WW) VGA arbiter: cannot open kernel arbiter, no multi-card support
[  1609.036] (II) Loading sub module "dri2"
[  1609.036] (II) LoadModule: "dri2"
[  1609.036] (II) Module "dri2" already built-in
[  1609.036] (--) NOUVEAU(0): Chipset: "NVIDIA NVE4"
[  1609.036] (II) NOUVEAU(0): Creating default Display subsection in Screen section
	"Default Screen Section" for depth/fbbpp 24/32
[  1609.036] (==) NOUVEAU(0): Depth 24, (--) framebuffer bpp 32
[  1609.036] (==) NOUVEAU(0): RGB weight 888
[  1609.036] (==) NOUVEAU(0): Default visual is TrueColor
[  1609.036] (==) NOUVEAU(0): Using HW cursor
[  1609.036] (==) NOUVEAU(0): Allowed maximum DRI level 2.
[  1609.036] (==) NOUVEAU(0): GLX sync to VBlank enabled.
[  1609.036] (==) NOUVEAU(0): Page flipping enabled
[  1609.036] (==) NOUVEAU(0): Swap limit set to 1 [Max allowed 2]
[  1609.036] (==) NOUVEAU(0): Page flipping synced to vblank by kernel.
[  1609.036] (II) NOUVEAU(0): Initializing outputs ...
[  1609.070] (II) NOUVEAU(0): Output DVI-I-1 has no monitor section
[  1609.071] (II) NOUVEAU(0): Output DVI-D-1 has no monitor section
[  1609.073] (II) NOUVEAU(0): Output HDMI-2 has no monitor section
[  1609.124] (II) NOUVEAU(0): Output DP-1 has no monitor section
[  1609.124] (II) NOUVEAU(0): 4 crtcs needed for screen.
[  1609.124] (II) NOUVEAU(0): Allocated crtc nr. 0 to this screen.
[  1609.124] (II) NOUVEAU(0): Allocated crtc nr. 1 to this screen.
[  1609.124] (II) NOUVEAU(0): Allocated crtc nr. 2 to this screen.
[  1609.124] (II) NOUVEAU(0): Allocated crtc nr. 3 to this screen.
[  1609.158] (II) NOUVEAU(0): EDID for output DVI-I-1
[  1609.158] (II) NOUVEAU(0): Manufacturer: HSD  Model: 1c8f  Serial#: 16843009
[  1609.158] (II) NOUVEAU(0): Year: 2008  Week: 36
[  1609.158] (II) NOUVEAU(0): EDID Version: 1.3
[  1609.158] (II) NOUVEAU(0): Analog Display Input,  Input Voltage Level: 0.700/0.700 V
[  1609.158] (II) NOUVEAU(0): Sync:  Separate
[  1609.158] (II) NOUVEAU(0): Max Image Size [cm]: horiz.: 48  vert.: 30
[  1609.158] (II) NOUVEAU(0): Gamma: 2.20
[  1609.158] (II) NOUVEAU(0): DPMS capabilities: Off; RGB/Color Display
[  1609.158] (II) NOUVEAU(0): First detailed timing is preferred mode
[  1609.158] (II) NOUVEAU(0): redX: 0.649 redY: 0.335   greenX: 0.283 greenY: 0.605
[  1609.158] (II) NOUVEAU(0): blueX: 0.151 blueY: 0.073   whiteX: 0.313 whiteY: 0.329
[  1609.158] (II) NOUVEAU(0): Supported established timings:
[  1609.158] (II) NOUVEAU(0): 720x400@70Hz
[  1609.158] (II) NOUVEAU(0): 640x480@60Hz
[  1609.158] (II) NOUVEAU(0): 640x480@67Hz
[  1609.158] (II) NOUVEAU(0): 640x480@72Hz
[  1609.158] (II) NOUVEAU(0): 640x480@75Hz
[  1609.158] (II) NOUVEAU(0): 800x600@56Hz
[  1609.158] (II) NOUVEAU(0): 800x600@60Hz
[  1609.158] (II) NOUVEAU(0): 800x600@72Hz
[  1609.158] (II) NOUVEAU(0): 800x600@75Hz
[  1609.158] (II) NOUVEAU(0): 832x624@75Hz
[  1609.158] (II) NOUVEAU(0): 1024x768@60Hz
[  1609.158] (II) NOUVEAU(0): 1024x768@70Hz
[  1609.158] (II) NOUVEAU(0): 1024x768@75Hz
[  1609.158] (II) NOUVEAU(0): 1280x1024@75Hz
[  1609.158] (II) NOUVEAU(0): 1152x864@75Hz
[  1609.158] (II) NOUVEAU(0): Manufacturer's mask: 0
[  1609.158] (II) NOUVEAU(0): Supported standard timings:
[  1609.158] (II) NOUVEAU(0): #0: hsize: 1280  vsize 1024  refresh: 60  vid: 32897
[  1609.158] (II) NOUVEAU(0): #1: hsize: 1152  vsize 864  refresh: 75  vid: 20337
[  1609.158] (II) NOUVEAU(0): #2: hsize: 1280  vsize 960  refresh: 60  vid: 16513
[  1609.158] (II) NOUVEAU(0): #3: hsize: 1440  vsize 900  refresh: 75  vid: 3989
[  1609.158] (II) NOUVEAU(0): #4: hsize: 1440  vsize 900  refresh: 60  vid: 149
[  1609.158] (II) NOUVEAU(0): Supported detailed timing:
[  1609.158] (II) NOUVEAU(0): clock: 146.2 MHz   Image Size:  480 x 270 mm
[  1609.158] (II) NOUVEAU(0): h_active: 1680  h_sync: 1784  h_sync_end 1960 h_blank_end 2240 h_border: 0
[  1609.158] (II) NOUVEAU(0): v_active: 1050  v_sync: 1053  v_sync_end 1059 v_blanking: 1089 v_border: 0
[  1609.158] (II) NOUVEAU(0): Serial No: 836MW3JY00202
[  1609.158] (II) NOUVEAU(0): Ranges: V min: 50 V max: 75 Hz, H min: 30 H max: 82 kHz, PixClock max 155 MHz
[  1609.158] (II) NOUVEAU(0): Monitor name: HG221A
[  1609.158] (II) NOUVEAU(0): EDID (in hex):
[  1609.158] (II) NOUVEAU(0): 	00ffffffffffff0022648f1c01010101
[  1609.158] (II) NOUVEAU(0): 	2412010368301e782a78f5a655489b26
[  1609.158] (II) NOUVEAU(0): 	125054bfef808180714f8140950f9500
[  1609.158] (II) NOUVEAU(0): 	01010101010121399030621a274068b0
[  1609.158] (II) NOUVEAU(0): 	3600e00e1100001c000000ff00383336
[  1609.158] (II) NOUVEAU(0): 	4d57334a593030323032000000fd0032
[  1609.158] (II) NOUVEAU(0): 	4b1e520f000a202020202020000000fc
[  1609.158] (II) NOUVEAU(0): 	004847323231410a20202020202000c7
[  1609.158] (II) NOUVEAU(0): Printing probed modes for output DVI-I-1
[  1609.158] (II) NOUVEAU(0): Modeline "1680x1050"x60.0  146.25  1680 1784 1960 2240  1050 1053 1059 1089 -hsync +vsync (65.3 kHz eP)
[  1609.158] (II) NOUVEAU(0): Modeline "1280x1024"x75.0  135.00  1280 1296 1440 1688  1024 1025 1028 1066 +hsync +vsync (80.0 kHz e)
[  1609.158] (II) NOUVEAU(0): Modeline "1280x1024"x60.0  108.00  1280 1328 1440 1688  1024 1025 1028 1066 +hsync +vsync (64.0 kHz e)
[  1609.158] (II) NOUVEAU(0): Modeline "1440x900"x75.0  136.75  1440 1536 1688 1936  900 903 909 942 -hsync +vsync (70.6 kHz e)
[  1609.158] (II) NOUVEAU(0): Modeline "1440x900"x59.9  106.50  1440 1520 1672 1904  900 903 909 934 -hsync +vsync (55.9 kHz e)
[  1609.158] (II) NOUVEAU(0): Modeline "1280x960"x60.0  108.00  1280 1376 1488 1800  960 961 964 1000 +hsync +vsync (60.0 kHz e)
[  1609.158] (II) NOUVEAU(0): Modeline "1152x864"x75.0  108.00  1152 1216 1344 1600  864 865 868 900 +hsync +vsync (67.5 kHz e)
[  1609.158] (II) NOUVEAU(0): Modeline "1024x768"x75.0   78.75  1024 1040 1136 1312  768 769 772 800 +hsync +vsync (60.0 kHz e)
[  1609.158] (II) NOUVEAU(0): Modeline "1024x768"x70.1   75.00  1024 1048 1184 1328  768 771 777 806 -hsync -vsync (56.5 kHz e)
[  1609.158] (II) NOUVEAU(0): Modeline "1024x768"x60.0   65.00  1024 1048 1184 1344  768 771 777 806 -hsync -vsync (48.4 kHz e)
[  1609.158] (II) NOUVEAU(0): Modeline "832x624"x74.6   57.28  832 864 928 1152  624 625 628 667 -hsync -vsync (49.7 kHz e)
[  1609.158] (II) NOUVEAU(0): Modeline "800x600"x72.2   50.00  800 856 976 1040  600 637 643 666 +hsync +vsync (48.1 kHz e)
[  1609.158] (II) NOUVEAU(0): Modeline "800x600"x75.0   49.50  800 816 896 1056  600 601 604 625 +hsync +vsync (46.9 kHz e)
[  1609.158] (II) NOUVEAU(0): Modeline "800x600"x60.3   40.00  800 840 968 1056  600 601 605 628 +hsync +vsync (37.9 kHz e)
[  1609.158] (II) NOUVEAU(0): Modeline "800x600"x56.2   36.00  800 824 896 1024  600 601 603 625 +hsync +vsync (35.2 kHz e)
[  1609.158] (II) NOUVEAU(0): Modeline "640x480"x75.0   31.50  640 656 720 840  480 481 484 500 -hsync -vsync (37.5 kHz e)
[  1609.158] (II) NOUVEAU(0): Modeline "640x480"x72.8   31.50  640 664 704 832  480 489 492 520 -hsync -vsync (37.9 kHz e)
[  1609.158] (II) NOUVEAU(0): Modeline "640x480"x66.7   30.24  640 704 768 864  480 483 486 525 -hsync -vsync (35.0 kHz e)
[  1609.158] (II) NOUVEAU(0): Modeline "640x480"x59.9   25.18  640 656 752 800  480 490 492 525 -hsync -vsync (31.5 kHz e)
[  1609.158] (II) NOUVEAU(0): Modeline "720x400"x70.1   28.32  720 738 846 900  400 412 414 449 -hsync +vsync (31.5 kHz e)
[  1609.159] (II) NOUVEAU(0): EDID for output DVI-D-1
[  1609.161] (II) NOUVEAU(0): EDID for output HDMI-2
[  1609.214] (II) NOUVEAU(0): EDID for output DP-1
[  1609.214] (II) NOUVEAU(0): Output DVI-I-1 connected
[  1609.214] (II) NOUVEAU(0): Output DVI-D-1 disconnected
[  1609.214] (II) NOUVEAU(0): Output HDMI-2 disconnected
[  1609.214] (II) NOUVEAU(0): Output DP-1 disconnected
[  1609.214] (II) NOUVEAU(0): Using exact sizes for initial modes
[  1609.214] (II) NOUVEAU(0): Output DVI-I-1 using initial mode 1680x1050 +0+0
[  1609.214] (==) NOUVEAU(0): Using gamma correction (1.0, 1.0, 1.0)
[  1609.214] (II) NOUVEAU(0): Virtual size is 1680x1050 (pitch 0)
[  1609.214] (**) NOUVEAU(0):  Driver mode "1680x1050": 146.2 MHz (scaled from 0.0 MHz), 65.3 kHz, 60.0 Hz
[  1609.214] (II) NOUVEAU(0): Modeline "1680x1050"x60.0  146.25  1680 1784 1960 2240  1050 1053 1059 1089 -hsync +vsync (65.3 kHz eP)
[  1609.214] (**) NOUVEAU(0):  Driver mode "1280x1024": 135.0 MHz (scaled from 0.0 MHz), 80.0 kHz, 75.0 Hz
[  1609.214] (II) NOUVEAU(0): Modeline "1280x1024"x75.0  135.00  1280 1296 1440 1688  1024 1025 1028 1066 +hsync +vsync (80.0 kHz e)
[  1609.214] (**) NOUVEAU(0):  Driver mode "1280x1024": 108.0 MHz (scaled from 0.0 MHz), 64.0 kHz, 60.0 Hz
[  1609.214] (II) NOUVEAU(0): Modeline "1280x1024"x60.0  108.00  1280 1328 1440 1688  1024 1025 1028 1066 +hsync +vsync (64.0 kHz e)
[  1609.214] (**) NOUVEAU(0):  Driver mode "1440x900": 136.8 MHz (scaled from 0.0 MHz), 70.6 kHz, 75.0 Hz
[  1609.214] (II) NOUVEAU(0): Modeline "1440x900"x75.0  136.75  1440 1536 1688 1936  900 903 909 942 -hsync +vsync (70.6 kHz e)
[  1609.214] (**) NOUVEAU(0):  Driver mode "1440x900": 106.5 MHz (scaled from 0.0 MHz), 55.9 kHz, 59.9 Hz
[  1609.214] (II) NOUVEAU(0): Modeline "1440x900"x59.9  106.50  1440 1520 1672 1904  900 903 909 934 -hsync +vsync (55.9 kHz e)
[  1609.214] (**) NOUVEAU(0):  Driver mode "1280x960": 108.0 MHz (scaled from 0.0 MHz), 60.0 kHz, 60.0 Hz
[  1609.214] (II) NOUVEAU(0): Modeline "1280x960"x60.0  108.00  1280 1376 1488 1800  960 961 964 1000 +hsync +vsync (60.0 kHz e)
[  1609.214] (**) NOUVEAU(0):  Driver mode "1152x864": 108.0 MHz (scaled from 0.0 MHz), 67.5 kHz, 75.0 Hz
[  1609.214] (II) NOUVEAU(0): Modeline "1152x864"x75.0  108.00  1152 1216 1344 1600  864 865 868 900 +hsync +vsync (67.5 kHz e)
[  1609.214] (**) NOUVEAU(0):  Driver mode "1024x768": 78.8 MHz (scaled from 0.0 MHz), 60.0 kHz, 75.0 Hz
[  1609.214] (II) NOUVEAU(0): Modeline "1024x768"x75.0   78.75  1024 1040 1136 1312  768 769 772 800 +hsync +vsync (60.0 kHz e)
[  1609.214] (**) NOUVEAU(0):  Driver mode "1024x768": 75.0 MHz (scaled from 0.0 MHz), 56.5 kHz, 70.1 Hz
[  1609.214] (II) NOUVEAU(0): Modeline "1024x768"x70.1   75.00  1024 1048 1184 1328  768 771 777 806 -hsync -vsync (56.5 kHz e)
[  1609.214] (**) NOUVEAU(0):  Driver mode "1024x768": 65.0 MHz (scaled from 0.0 MHz), 48.4 kHz, 60.0 Hz
[  1609.214] (II) NOUVEAU(0): Modeline "1024x768"x60.0   65.00  1024 1048 1184 1344  768 771 777 806 -hsync -vsync (48.4 kHz e)
[  1609.214] (**) NOUVEAU(0):  Driver mode "832x624": 57.3 MHz (scaled from 0.0 MHz), 49.7 kHz, 74.6 Hz
[  1609.214] (II) NOUVEAU(0): Modeline "832x624"x74.6   57.28  832 864 928 1152  624 625 628 667 -hsync -vsync (49.7 kHz e)
[  1609.214] (**) NOUVEAU(0):  Driver mode "800x600": 50.0 MHz (scaled from 0.0 MHz), 48.1 kHz, 72.2 Hz
[  1609.214] (II) NOUVEAU(0): Modeline "800x600"x72.2   50.00  800 856 976 1040  600 637 643 666 +hsync +vsync (48.1 kHz e)
[  1609.214] (**) NOUVEAU(0):  Driver mode "800x600": 49.5 MHz (scaled from 0.0 MHz), 46.9 kHz, 75.0 Hz
[  1609.214] (II) NOUVEAU(0): Modeline "800x600"x75.0   49.50  800 816 896 1056  600 601 604 625 +hsync +vsync (46.9 kHz e)
[  1609.214] (**) NOUVEAU(0):  Driver mode "800x600": 40.0 MHz (scaled from 0.0 MHz), 37.9 kHz, 60.3 Hz
[  1609.214] (II) NOUVEAU(0): Modeline "800x600"x60.3   40.00  800 840 968 1056  600 601 605 628 +hsync +vsync (37.9 kHz e)
[  1609.214] (**) NOUVEAU(0):  Driver mode "800x600": 36.0 MHz (scaled from 0.0 MHz), 35.2 kHz, 56.2 Hz
[  1609.214] (II) NOUVEAU(0): Modeline "800x600"x56.2   36.00  800 824 896 1024  600 601 603 625 +hsync +vsync (35.2 kHz e)
[  1609.214] (**) NOUVEAU(0):  Driver mode "640x480": 31.5 MHz (scaled from 0.0 MHz), 37.5 kHz, 75.0 Hz
[  1609.214] (II) NOUVEAU(0): Modeline "640x480"x75.0   31.50  640 656 720 840  480 481 484 500 -hsync -vsync (37.5 kHz e)
[  1609.214] (**) NOUVEAU(0):  Driver mode "640x480": 31.5 MHz (scaled from 0.0 MHz), 37.9 kHz, 72.8 Hz
[  1609.214] (II) NOUVEAU(0): Modeline "640x480"x72.8   31.50  640 664 704 832  480 489 492 520 -hsync -vsync (37.9 kHz e)
[  1609.214] (**) NOUVEAU(0):  Driver mode "640x480": 30.2 MHz (scaled from 0.0 MHz), 35.0 kHz, 66.7 Hz
[  1609.214] (II) NOUVEAU(0): Modeline "640x480"x66.7   30.24  640 704 768 864  480 483 486 525 -hsync -vsync (35.0 kHz e)
[  1609.214] (**) NOUVEAU(0):  Driver mode "640x480": 25.2 MHz (scaled from 0.0 MHz), 31.5 kHz, 59.9 Hz
[  1609.214] (II) NOUVEAU(0): Modeline "640x480"x59.9   25.18  640 656 752 800  480 490 492 525 -hsync -vsync (31.5 kHz e)
[  1609.214] (**) NOUVEAU(0):  Driver mode "720x400": 28.3 MHz (scaled from 0.0 MHz), 31.5 kHz, 70.1 Hz
[  1609.214] (II) NOUVEAU(0): Modeline "720x400"x70.1   28.32  720 738 846 900  400 412 414 449 -hsync +vsync (31.5 kHz e)
[  1609.214] (==) NOUVEAU(0): DPI set to (96, 96)
[  1609.214] (II) Loading sub module "fb"
[  1609.214] (II) LoadModule: "fb"
[  1609.214] (II) Module "fb" already built-in
[  1609.214] (II) Loading sub module "shadowfb"
[  1609.214] (II) LoadModule: "shadowfb"
[  1609.214] (II) Loading /usr/lib64/xorg/modules/libshadowfb.so
[  1609.214] (II) Module shadowfb: vendor="X.Org Foundation"
[  1609.214] 	compiled for 1.21.1.7, module version = 1.0.0
[  1609.214] 	ABI class: X.Org ANSI C Emulation, version 0.4
[  1609.214] (==) modeset(G0): Depth 24, (==) framebuffer bpp 32
[  1609.214] (==) modeset(G0): RGB weight 888
[  1609.214] (==) modeset(G0): Default visual is TrueColor
[  1609.214] (II) Loading sub module "glamoregl"
[  1609.214] (II) LoadModule: "glamoregl"
[  1609.214] (II) Loading /usr/lib64/xorg/modules/libglamoregl.so
[  1609.216] (II) Module glamoregl: vendor="X.Org Foundation"
[  1609.216] 	compiled for 1.21.1.7, module version = 1.0.1
[  1609.216] 	ABI class: X.Org ANSI C Emulation, version 0.4
[  1609.226] (II) modeset(G0): glamor X acceleration enabled on Mesa Intel(R) HD Graphics 4600 (HSW GT2)
[  1609.226] (II) modeset(G0): glamor initialized
[  1609.227] (II) modeset(G0): Output VGA-1-1 has no monitor section
[  1609.228] (II) modeset(G0): Output HDMI-1-1 has no monitor section
[  1609.229] (II) modeset(G0): EDID for output VGA-1-1
[  1609.231] (II) modeset(G0): EDID for output HDMI-1-1
[  1609.231] (==) modeset(G0): Using gamma correction (1.0, 1.0, 1.0)
[  1609.231] (==) modeset(G0): DPI set to (96, 96)
[  1609.231] (II) Loading sub module "fb"
[  1609.231] (II) LoadModule: "fb"
[  1609.231] (II) Module "fb" already built-in
[  1609.231] (II) UnloadModule: "vesa"
[  1609.231] (II) Unloading vesa
[  1609.232] (II) NOUVEAU(0): Channel setup complete.
[  1609.232] (II) NOUVEAU(0): [COPY] async initialised.
[  1609.232] (II) NOUVEAU(0): Hardware support for Present enabled
[  1609.232] (II) NOUVEAU(0): [DRI2] Setup complete
[  1609.232] (II) NOUVEAU(0): [DRI2]   DRI driver: nouveau
[  1609.232] (II) NOUVEAU(0): [DRI2]   VDPAU driver: nouveau
[  1609.232] (II) Loading sub module "exa"
[  1609.232] (II) LoadModule: "exa"
[  1609.232] (II) Loading /usr/lib64/xorg/modules/libexa.so
[  1609.232] (II) Module exa: vendor="X.Org Foundation"
[  1609.232] 	compiled for 1.21.1.7, module version = 2.6.0
[  1609.232] 	ABI class: X.Org Video Driver, version 25.2
[  1609.232] (II) EXA(0): Driver allocated offscreen pixmaps
[  1609.232] (II) EXA(0): Driver registered support for the following operations:
[  1609.232] (II)         Solid
[  1609.232] (II)         Copy
[  1609.232] (II)         Composite (RENDER acceleration)
[  1609.232] (II)         UploadToScreen
[  1609.232] (II)         DownloadFromScreen
[  1609.232] (==) NOUVEAU(0): Backing store enabled
[  1609.232] (==) NOUVEAU(0): Silken mouse enabled
[  1609.232] (II) NOUVEAU(0): [XvMC] Associated with Nouveau GeForce 8/9 Textured Video.
[  1609.232] (II) NOUVEAU(0): [XvMC] Extension initialized.
[  1609.232] (==) NOUVEAU(0): DPMS enabled
[  1609.243] (==) modeset(G0): Backing store enabled
[  1609.243] (==) modeset(G0): Silken mouse enabled
[  1609.243] (II) modeset(G0): Initializing kms color map for depth 24, 8 bpc.
[  1609.243] (==) modeset(G0): DPMS enabled
[  1609.243] (II) modeset(G0): [DRI2] Setup complete
[  1609.243] (II) modeset(G0): [DRI2]   DRI driver: crocus
[  1609.243] (II) modeset(G0): [DRI2]   VDPAU driver: va_gl
[  1609.243] (II) modeset(G0): Disable reverse prime offload mode for i915.
[  1609.243] (II) Initializing extension Generic Event Extension
[  1609.243] (II) Initializing extension SHAPE
[  1609.243] (II) Initializing extension MIT-SHM
[  1609.243] (II) Initializing extension XInputExtension
[  1609.243] (II) Initializing extension XTEST
[  1609.243] (II) Initializing extension BIG-REQUESTS
[  1609.243] (II) Initializing extension SYNC
[  1609.243] (II) Initializing extension XKEYBOARD
[  1609.244] (II) Initializing extension XC-MISC
[  1609.244] (II) Initializing extension XFIXES
[  1609.244] (II) Initializing extension RENDER
[  1609.244] (II) Initializing extension RANDR
[  1609.244] (II) Initializing extension COMPOSITE
[  1609.244] (II) Initializing extension DAMAGE
[  1609.244] (II) Initializing extension MIT-SCREEN-SAVER
[  1609.244] (II) Initializing extension DOUBLE-BUFFER
[  1609.244] (II) Initializing extension RECORD
[  1609.244] (II) Initializing extension DPMS
[  1609.244] (II) Initializing extension Present
[  1609.244] (II) Initializing extension DRI3
[  1609.244] (II) Initializing extension X-Resource
[  1609.244] (II) Initializing extension XVideo
[  1609.244] (II) Initializing extension XVideo-MotionCompensation
[  1609.244] (II) Initializing extension GLX
[  1609.248] (II) AIGLX: Loaded and initialized nouveau
[  1609.248] (II) GLX: Initialized DRI2 GL provider for screen 0
[  1609.248] (II) Initializing extension XFree86-VidModeExtension
[  1609.248] (II) Initializing extension XFree86-DGA
[  1609.248] (II) Initializing extension XFree86-DRI
[  1609.248] (II) Initializing extension DRI2
[  1609.248] (II) modeset(G0): Damage tracking initialized
[  1609.249] (II) NOUVEAU(0): NVEnterVT is called.
[  1609.278] (II) NOUVEAU(0): Setting screen physical size to 444 x 277
[  1609.278] resize called 1680 1050
[  1609.313] (II) config/udev: Adding input device Power Button (/dev/input/event1)
[  1609.313] (**) Power Button: Applying InputClass "libinput keyboard catchall"
[  1609.313] (**) Power Button: Applying InputClass "keyboard-all"
[  1609.313] (II) LoadModule: "libinput"
[  1609.313] (II) Loading /usr/lib64/xorg/modules/input/libinput_drv.so
[  1609.314] (II) Module libinput: vendor="X.Org Foundation"
[  1609.314] 	compiled for 1.21.1.7, module version = 1.2.1
[  1609.314] 	Module class: X.Org XInput Driver
[  1609.314] 	ABI class: X.Org XInput driver, version 24.4
[  1609.314] (II) Using input driver 'libinput' for 'Power Button'
[  1609.314] (II) systemd-logind: got fd for /dev/input/event1 13:65 fd 26 paused 0
[  1609.314] (**) Power Button: always reports core events
[  1609.314] (**) Option "Device" "/dev/input/event1"
[  1609.316] (II) event1  - Power Button: is tagged by udev as: Keyboard
[  1609.316] (II) event1  - Power Button: device is a keyboard
[  1609.316] (II) event1  - Power Button: device removed
[  1609.316] (**) Option "config_info" "udev:/sys/devices/LNXSYSTM:00/LNXPWRBN:00/input/input1/event1"
[  1609.316] (II) XINPUT: Adding extended input device "Power Button" (type: KEYBOARD, id 6)
[  1609.316] (**) Option "xkb_layout" "gb"
[  1609.330] (II) event1  - Power Button: is tagged by udev as: Keyboard
[  1609.330] (II) event1  - Power Button: device is a keyboard
[  1609.330] (II) config/udev: Adding input device Video Bus (/dev/input/event2)
[  1609.330] (**) Video Bus: Applying InputClass "libinput keyboard catchall"
[  1609.330] (**) Video Bus: Applying InputClass "keyboard-all"
[  1609.330] (II) Using input driver 'libinput' for 'Video Bus'
[  1609.331] (II) systemd-logind: got fd for /dev/input/event2 13:66 fd 29 paused 0
[  1609.331] (**) Video Bus: always reports core events
[  1609.331] (**) Option "Device" "/dev/input/event2"
[  1609.331] (II) event2  - Video Bus: is tagged by udev as: Keyboard
[  1609.331] (II) event2  - Video Bus: device is a keyboard
[  1609.332] (II) event2  - Video Bus: device removed
[  1609.332] (**) Option "config_info" "udev:/sys/devices/LNXSYSTM:00/LNXSYBUS:00/PNP0A08:00/LNXVIDEO:00/input/input2/event2"
[  1609.332] (II) XINPUT: Adding extended input device "Video Bus" (type: KEYBOARD, id 7)
[  1609.332] (**) Option "xkb_layout" "gb"
[  1609.332] (II) event2  - Video Bus: is tagged by udev as: Keyboard
[  1609.332] (II) event2  - Video Bus: device is a keyboard
[  1609.333] (II) config/udev: Adding input device Power Button (/dev/input/event0)
[  1609.333] (**) Power Button: Applying InputClass "libinput keyboard catchall"
[  1609.333] (**) Power Button: Applying InputClass "keyboard-all"
[  1609.333] (II) Using input driver 'libinput' for 'Power Button'
[  1609.333] (II) systemd-logind: got fd for /dev/input/event0 13:64 fd 30 paused 0
[  1609.333] (**) Power Button: always reports core events
[  1609.333] (**) Option "Device" "/dev/input/event0"
[  1609.334] (II) event0  - Power Button: is tagged by udev as: Keyboard
[  1609.334] (II) event0  - Power Button: device is a keyboard
[  1609.334] (II) event0  - Power Button: device removed
[  1609.334] (**) Option "config_info" "udev:/sys/devices/LNXSYSTM:00/LNXSYBUS:00/PNP0C0C:00/input/input0/event0"
[  1609.334] (II) XINPUT: Adding extended input device "Power Button" (type: KEYBOARD, id 8)
[  1609.334] (**) Option "xkb_layout" "gb"
[  1609.334] (II) event0  - Power Button: is tagged by udev as: Keyboard
[  1609.334] (II) event0  - Power Button: device is a keyboard
[  1609.335] (II) config/udev: Adding input device HDA NVidia HDMI/DP,pcm=7 (/dev/input/event10)
[  1609.335] (II) No input driver specified, ignoring this device.
[  1609.335] (II) This device may have been added with another device file.
[  1609.335] (II) config/udev: Adding input device HDA NVidia HDMI/DP,pcm=8 (/dev/input/event11)
[  1609.335] (II) No input driver specified, ignoring this device.
[  1609.335] (II) This device may have been added with another device file.
[  1609.336] (II) config/udev: Adding input device HDA NVidia HDMI/DP,pcm=9 (/dev/input/event12)
[  1609.336] (II) No input driver specified, ignoring this device.
[  1609.336] (II) This device may have been added with another device file.
[  1609.336] (II) config/udev: Adding input device HDA NVidia HDMI/DP,pcm=3 (/dev/input/event9)
[  1609.336] (II) No input driver specified, ignoring this device.
[  1609.336] (II) This device may have been added with another device file.
[  1609.336] (II) config/udev: Adding input device Microsoft Microsoft 3-Button Mouse with IntelliEye(TM) (/dev/input/event3)
[  1609.336] (**) Microsoft Microsoft 3-Button Mouse with IntelliEye(TM): Applying InputClass "libinput pointer catchall"
[  1609.336] (II) Using input driver 'libinput' for 'Microsoft Microsoft 3-Button Mouse with IntelliEye(TM)'
[  1609.390] (II) systemd-logind: got fd for /dev/input/event3 13:67 fd 31 paused 0
[  1609.390] (**) Microsoft Microsoft 3-Button Mouse with IntelliEye(TM): always reports core events
[  1609.390] (**) Option "Device" "/dev/input/event3"
[  1609.392] (II) event3  - Microsoft Microsoft 3-Button Mouse with IntelliEye(TM): is tagged by udev as: Mouse
[  1609.392] (II) event3  - Microsoft Microsoft 3-Button Mouse with IntelliEye(TM): device is a pointer
[  1609.392] (II) event3  - Microsoft Microsoft 3-Button Mouse with IntelliEye(TM): device removed
[  1609.392] (**) Option "config_info" "udev:/sys/devices/pci0000:00/0000:00:14.0/usb3/3-1/3-1.2/3-1.2:1.0/0003:045E:0040.0001/input/input3/event3"
[  1609.392] (II) XINPUT: Adding extended input device "Microsoft Microsoft 3-Button Mouse with IntelliEye(TM)" (type: MOUSE, id 9)
[  1609.392] (**) Option "AccelerationScheme" "none"
[  1609.392] (**) Microsoft Microsoft 3-Button Mouse with IntelliEye(TM): (accel) selected scheme none/0
[  1609.392] (**) Microsoft Microsoft 3-Button Mouse with IntelliEye(TM): (accel) acceleration factor: 2.000
[  1609.392] (**) Microsoft Microsoft 3-Button Mouse with IntelliEye(TM): (accel) acceleration threshold: 4
[  1609.393] (II) event3  - Microsoft Microsoft 3-Button Mouse with IntelliEye(TM): is tagged by udev as: Mouse
[  1609.394] (II) event3  - Microsoft Microsoft 3-Button Mouse with IntelliEye(TM): device is a pointer
[  1609.394] (II) config/udev: Adding input device Microsoft Microsoft 3-Button Mouse with IntelliEye(TM) (/dev/input/mouse0)
[  1609.394] (II) No input driver specified, ignoring this device.
[  1609.394] (II) This device may have been added with another device file.
[  1609.395] (II) config/udev: Adding input device Metadot - Das Keyboard Das Keyboard (/dev/input/event4)
[  1609.395] (**) Metadot - Das Keyboard Das Keyboard: Applying InputClass "libinput keyboard catchall"
[  1609.395] (**) Metadot - Das Keyboard Das Keyboard: Applying InputClass "keyboard-all"
[  1609.395] (II) Using input driver 'libinput' for 'Metadot - Das Keyboard Das Keyboard'
[  1609.395] (II) systemd-logind: got fd for /dev/input/event4 13:68 fd 32 paused 0
[  1609.395] (**) Metadot - Das Keyboard Das Keyboard: always reports core events
[  1609.395] (**) Option "Device" "/dev/input/event4"
[  1609.396] (II) event4  - Metadot - Das Keyboard Das Keyboard: is tagged by udev as: Keyboard
[  1609.397] (II) event4  - Metadot - Das Keyboard Das Keyboard: device is a keyboard
[  1609.397] (II) event4  - Metadot - Das Keyboard Das Keyboard: device removed
[  1609.397] (**) Option "config_info" "udev:/sys/devices/pci0000:00/0000:00:14.0/usb3/3-1/3-1.4/3-1.4:1.0/0003:24F0:0140.0002/input/input4/event4"
[  1609.397] (II) XINPUT: Adding extended input device "Metadot - Das Keyboard Das Keyboard" (type: KEYBOARD, id 10)
[  1609.397] (**) Option "xkb_layout" "gb"
[  1609.398] (II) event4  - Metadot - Das Keyboard Das Keyboard: is tagged by udev as: Keyboard
[  1609.398] (II) event4  - Metadot - Das Keyboard Das Keyboard: device is a keyboard
[  1609.399] (II) config/udev: Adding input device Metadot - Das Keyboard Das Keyboard System Control (/dev/input/event5)
[  1609.399] (**) Metadot - Das Keyboard Das Keyboard System Control: Applying InputClass "libinput keyboard catchall"
[  1609.399] (**) Metadot - Das Keyboard Das Keyboard System Control: Applying InputClass "keyboard-all"
[  1609.399] (II) Using input driver 'libinput' for 'Metadot - Das Keyboard Das Keyboard System Control'
[  1609.399] (II) systemd-logind: got fd for /dev/input/event5 13:69 fd 33 paused 0
[  1609.399] (**) Metadot - Das Keyboard Das Keyboard System Control: always reports core events
[  1609.399] (**) Option "Device" "/dev/input/event5"
[  1609.401] (II) event5  - Metadot - Das Keyboard Das Keyboard System Control: is tagged by udev as: Keyboard
[  1609.401] (II) event5  - Metadot - Das Keyboard Das Keyboard System Control: device is a keyboard
[  1609.401] (II) event5  - Metadot - Das Keyboard Das Keyboard System Control: device removed
[  1609.401] (**) Option "config_info" "udev:/sys/devices/pci0000:00/0000:00:14.0/usb3/3-1/3-1.4/3-1.4:1.1/0003:24F0:0140.0003/input/input5/event5"
[  1609.401] (II) XINPUT: Adding extended input device "Metadot - Das Keyboard Das Keyboard System Control" (type: KEYBOARD, id 11)
[  1609.401] (**) Option "xkb_layout" "gb"
[  1609.402] (II) event5  - Metadot - Das Keyboard Das Keyboard System Control: is tagged by udev as: Keyboard
[  1609.402] (II) event5  - Metadot - Das Keyboard Das Keyboard System Control: device is a keyboard
[  1609.403] (II) config/udev: Adding input device Metadot - Das Keyboard Das Keyboard Consumer Control (/dev/input/event6)
[  1609.403] (**) Metadot - Das Keyboard Das Keyboard Consumer Control: Applying InputClass "libinput keyboard catchall"
[  1609.403] (**) Metadot - Das Keyboard Das Keyboard Consumer Control: Applying InputClass "keyboard-all"
[  1609.403] (II) Using input driver 'libinput' for 'Metadot - Das Keyboard Das Keyboard Consumer Control'
[  1609.403] (II) systemd-logind: got fd for /dev/input/event6 13:70 fd 34 paused 0
[  1609.403] (**) Metadot - Das Keyboard Das Keyboard Consumer Control: always reports core events
[  1609.403] (**) Option "Device" "/dev/input/event6"
[  1609.404] (II) event6  - Metadot - Das Keyboard Das Keyboard Consumer Control: is tagged by udev as: Keyboard
[  1609.404] (II) event6  - Metadot - Das Keyboard Das Keyboard Consumer Control: device is a keyboard
[  1609.405] (II) event6  - Metadot - Das Keyboard Das Keyboard Consumer Control: device removed
[  1609.405] (**) Option "config_info" "udev:/sys/devices/pci0000:00/0000:00:14.0/usb3/3-1/3-1.4/3-1.4:1.1/0003:24F0:0140.0003/input/input6/event6"
[  1609.405] (II) XINPUT: Adding extended input device "Metadot - Das Keyboard Das Keyboard Consumer Control" (type: KEYBOARD, id 12)
[  1609.405] (**) Option "xkb_layout" "gb"
[  1609.406] (II) event6  - Metadot - Das Keyboard Das Keyboard Consumer Control: is tagged by udev as: Keyboard
[  1609.406] (II) event6  - Metadot - Das Keyboard Das Keyboard Consumer Control: device is a keyboard
[  1609.406] (II) config/udev: Adding input device HDA Intel PCH Front Mic (/dev/input/event13)
[  1609.406] (II) No input driver specified, ignoring this device.
[  1609.406] (II) This device may have been added with another device file.
[  1609.407] (II) config/udev: Adding input device HDA Intel PCH Rear Mic (/dev/input/event14)
[  1609.407] (II) No input driver specified, ignoring this device.
[  1609.407] (II) This device may have been added with another device file.
[  1609.407] (II) config/udev: Adding input device HDA Intel PCH Line (/dev/input/event15)
[  1609.407] (II) No input driver specified, ignoring this device.
[  1609.407] (II) This device may have been added with another device file.
[  1609.407] (II) config/udev: Adding input device HDA Intel PCH Line Out (/dev/input/event16)
[  1609.407] (II) No input driver specified, ignoring this device.
[  1609.407] (II) This device may have been added with another device file.
[  1609.408] (II) config/udev: Adding input device HDA Intel PCH Front Headphone (/dev/input/event17)
[  1609.408] (II) No input driver specified, ignoring this device.
[  1609.408] (II) This device may have been added with another device file.
[  1609.408] (II) config/udev: Adding input device Eee PC WMI hotkeys (/dev/input/event8)
[  1609.408] (**) Eee PC WMI hotkeys: Applying InputClass "libinput keyboard catchall"
[  1609.408] (**) Eee PC WMI hotkeys: Applying InputClass "keyboard-all"
[  1609.408] (II) Using input driver 'libinput' for 'Eee PC WMI hotkeys'
[  1609.408] (II) systemd-logind: got fd for /dev/input/event8 13:72 fd 35 paused 0
[  1609.408] (**) Eee PC WMI hotkeys: always reports core events
[  1609.408] (**) Option "Device" "/dev/input/event8"
[  1609.409] (II) event8  - Eee PC WMI hotkeys: is tagged by udev as: Keyboard
[  1609.409] (II) event8  - Eee PC WMI hotkeys: device is a keyboard
[  1609.409] (II) event8  - Eee PC WMI hotkeys: device removed
[  1609.409] (**) Option "config_info" "udev:/sys/devices/platform/eeepc-wmi/input/input8/event8"
[  1609.409] (II) XINPUT: Adding extended input device "Eee PC WMI hotkeys" (type: KEYBOARD, id 13)
[  1609.409] (**) Option "xkb_layout" "gb"
[  1609.410] (II) event8  - Eee PC WMI hotkeys: is tagged by udev as: Keyboard
[  1609.410] (II) event8  - Eee PC WMI hotkeys: device is a keyboard
[  1609.410] (II) config/udev: Adding input device PC Speaker (/dev/input/event7)
[  1609.410] (II) No input driver specified, ignoring this device.
[  1609.410] (II) This device may have been added with another device file.
[  1848.288] (**) Option "fd" "26"
[  1848.288] (II) event1  - Power Button: device removed
[  1848.288] (**) Option "fd" "29"
[  1848.288] (II) event2  - Video Bus: device removed
[  1848.288] (**) Option "fd" "30"
[  1848.288] (II) event0  - Power Button: device removed
[  1848.288] (**) Option "fd" "31"
[  1848.288] (II) event3  - Microsoft Microsoft 3-Button Mouse with IntelliEye(TM): device removed
[  1848.288] (**) Option "fd" "32"
[  1848.288] (II) event4  - Metadot - Das Keyboard Das Keyboard: device removed
[  1848.288] (**) Option "fd" "33"
[  1848.288] (II) event5  - Metadot - Das Keyboard Das Keyboard System Control: device removed
[  1848.288] (**) Option "fd" "34"
[  1848.288] (II) event6  - Metadot - Das Keyboard Das Keyboard Consumer Control: device removed
[  1848.288] (**) Option "fd" "35"
[  1848.288] (II) event8  - Eee PC WMI hotkeys: device removed
[  1848.289] (II) UnloadModule: "libinput"
[  1848.289] (II) systemd-logind: releasing fd for 13:72
[  1848.340] (II) UnloadModule: "libinput"
[  1848.340] (II) systemd-logind: releasing fd for 13:70
[  1848.377] (II) UnloadModule: "libinput"
[  1848.377] (II) systemd-logind: releasing fd for 13:69
[  1848.407] (II) UnloadModule: "libinput"
[  1848.407] (II) systemd-logind: releasing fd for 13:68
[  1848.447] (II) UnloadModule: "libinput"
[  1848.447] (II) systemd-logind: releasing fd for 13:67
[  1848.480] (II) UnloadModule: "libinput"
[  1848.480] (II) systemd-logind: releasing fd for 13:64
[  1848.497] (II) UnloadModule: "libinput"
[  1848.497] (II) systemd-logind: releasing fd for 13:66
[  1848.531] (II) UnloadModule: "libinput"
[  1848.531] (II) systemd-logind: releasing fd for 13:65
[  1848.587] (II) NOUVEAU(0): NVLeaveVT is called.
[  1848.633] (II) Server terminated successfully (0). Closing log file.
